SIZEMULT:F|0.125
SIZEMULT:D|0.25
SIZEMULT:T|0.5
SIZEMULT:S|0.75
SIZEMULT:L|2
SIZEMULT:H|4
SIZEMULT:G|8
SIZEMULT:C|16
LOAD:0|0
LOAD:1|0.25
LOAD:2|1
LOAD:3|2.25
LOAD:4|4
LOAD:5|6.25
LOAD:6|9
LOAD:7|12.25
LOAD:8|16
LOAD:9|20.25
LOAD:10|25
LOAD:11|30.25
LOAD:12|36
LOAD:13|42.25
LOAD:14|49
LOAD:15|56.25
LOAD:16|64
LOAD:17|72.25
LOAD:18|81
LOAD:19|90.25
LOAD:20|100
LOAD:21|110.25
LOAD:22|121
LOAD:23|132.25
LOAD:24|144
LOAD:25|156.25
LOAD:26|169
LOAD:27|182.25
LOAD:28|196
LOAD:29|210.25
LOADMULT:4
ENCUMBRANCE:Light|1/2|MOVEBASE|0
ENCUMBRANCE:Medium|1|MOVEBASE|0
ENCUMBRANCE:Heavy|2|(floor((MOVEBASE * .75) / 5))*5|-10
ENCUMBRANCE:Overload|3|0|-10
ENCUMBRANCE:OverHead|1||0
ENCUMBRANCE:OffGround|2||-10
ENCUMBRANCE:PushDrag|5||-10

